info it worked if it ends with ok
verbose cli [ 'node', '/usr/local/bin/npm', 'install', 'nodetest' ]
info using npm@1.0.6
info using node@v0.4.8
verbose config file /home/olavrovs/.npmrc
verbose config file /usr/local/etc/npmrc
silly testEngine { name: 'application-name',
silly testEngine   version: '0.0.1',
silly testEngine   private: true,
silly testEngine   dependencies: { jade: '>= 0.0.1' },
silly testEngine   devDependencies: {},
silly testEngine   _id: 'application-name@0.0.1',
silly testEngine   engines: { node: '*' },
silly testEngine   _engineSupported: true,
silly testEngine   _npmVersion: '1.0.6',
silly testEngine   _nodeVersion: 'v0.4.8',
silly testEngine   _defaultsLoaded: true }
verbose caching /apps/localdev/node/batch-people-finder/package.json
verbose loadDefaults application-name@0.0.1
silly testEngine { name: 'csv',
silly testEngine   version: '0.0.9',
silly testEngine   description: 'CSV parser with simple api, full of options and tested against large datasets.',
silly testEngine   author: { name: 'David Worms', email: 'david@adaltas.com' },
silly testEngine   contributors: 
silly testEngine    [ { name: 'David Worms', email: 'david@adaltas.com' },
silly testEngine      { name: 'Will White',
silly testEngine        email: 'https://github.com/willwhite' },
silly testEngine      { name: 'Justin Latimer',
silly testEngine        email: 'https://github.com/justinlatimer' } ],
silly testEngine   directories: { lib: './lib' },
silly testEngine   main: './lib/csv',
silly testEngine   engines: { node: '>= 0.1.90' },
silly testEngine   keywords: [ 'parser', 'csv' ],
silly testEngine   repository: 
silly testEngine    { type: 'git',
silly testEngine      url: 'git://github.com/wdavidw/node-csv-parser.git' },
silly testEngine   dependencies: {},
silly testEngine   devDependencies: {},
silly testEngine   _id: 'csv@0.0.9',
silly testEngine   _engineSupported: true,
silly testEngine   _npmVersion: '1.0.6',
silly testEngine   _nodeVersion: 'v0.4.8',
silly testEngine   _defaultsLoaded: true }
verbose caching /apps/localdev/node/batch-people-finder/node_modules/csv/package.json
verbose loadDefaults csv@0.0.9
silly testEngine { name: 'xml2js',
silly testEngine   description: 'Simple XML to JavaScript object converter.',
silly testEngine   keywords: [ 'xml', 'json' ],
silly testEngine   homepage: 'https://github.com/Leonidas-from-XIV/node-xml2js',
silly testEngine   version: '0.1.7',
silly testEngine   author: 
silly testEngine    { name: 'Marek Kubica',
silly testEngine      email: 'marek@xivilization.net',
silly testEngine      url: 'http://xivilization.net' },
silly testEngine   contributors: 
silly testEngine    [ { name: 'maqr',
silly testEngine        email: 'maqr.lollerskates@gmail.com',
silly testEngine        url: 'https://github.com/maqr' },
silly testEngine      { name: 'Ben Weaver', url: 'http://benweaver.com/' },
silly testEngine      { name: 'Jae Kwon',
silly testEngine        url: 'https://github.com/jaekwon' },
silly testEngine      { name: 'Jim Robert' } ],
silly testEngine   main: './lib/xml2js',
silly testEngine   directories: { lib: './lib' },
silly testEngine   repository: 
silly testEngine    { type: 'git',
silly testEngine      url: 'git://github.com/Leonidas-from-XIV/node-xml2js.git' },
silly testEngine   dependencies: { sax: '>=0.1.1' },
silly testEngine   devDependencies: { zap: '>=0.2.0' },
silly testEngine   _id: 'xml2js@0.1.7',
silly testEngine   engines: { node: '*' },
silly testEngine   _engineSupported: true,
silly testEngine   _npmVersion: '1.0.6',
silly testEngine   _nodeVersion: 'v0.4.8',
silly testEngine   _defaultsLoaded: true }
verbose caching /apps/localdev/node/batch-people-finder/node_modules/xml2js/package.json
verbose loadDefaults xml2js@0.1.7
silly testEngine { name: 'jade',
silly testEngine   description: 'Jade template engine',
silly testEngine   version: '0.12.0',
silly testEngine   author: 
silly testEngine    { name: 'TJ Holowaychuk',
silly testEngine      email: 'tj@vision-media.ca' },
silly testEngine   repository: 
silly testEngine    { type: 'git',
silly testEngine      url: 'git://github.com/visionmedia/jade.git' },
silly testEngine   main: './index.js',
silly testEngine   bin: { jade: './bin/jade' },
silly testEngine   devDependencies: 
silly testEngine    { expresso: '0.6.4',
silly testEngine      'coffee-script': '>= 0.0.1',
silly testEngine      sass: '>= 0.0.1',
silly testEngine      less: '>= 0.0.1',
silly testEngine      markdown: '>= 0.0.1',
silly testEngine      stylus: '>= 0.0.1' },
silly testEngine   scripts: { prepublish: 'npm prune' },
silly testEngine   engines: { node: '>= 0.1.98' },
silly testEngine   dependencies: {},
silly testEngine   _id: 'jade@0.12.0',
silly testEngine   _engineSupported: true,
silly testEngine   _npmVersion: '1.0.6',
silly testEngine   _nodeVersion: 'v0.4.8',
silly testEngine   _defaultsLoaded: true }
verbose caching /apps/localdev/node/batch-people-finder/node_modules/jade/package.json
verbose loadDefaults jade@0.12.0
silly testEngine { name: 'express',
silly testEngine   description: 'Sinatra inspired web development framework',
silly testEngine   version: '2.3.10',
silly testEngine   author: 
silly testEngine    { name: 'TJ Holowaychuk',
silly testEngine      email: 'tj@vision-media.ca' },
silly testEngine   contributors: 
silly testEngine    [ { name: 'TJ Holowaychuk',
silly testEngine        email: 'tj@vision-media.ca' },
silly testEngine      { name: 'Aaron Heckmann',
silly testEngine        email: 'aaron.heckmann+github@gmail.com' },
silly testEngine      { name: 'Ciaran Jessup', email: 'ciaranj@gmail.com' },
silly testEngine      { name: 'Guillermo Rauch', email: 'rauchg@gmail.com' } ],
silly testEngine   dependencies: 
silly testEngine    { connect: '>= 1.4.1 < 2.0.0',
silly testEngine      mime: '>= 0.0.1',
silly testEngine      qs: '>= 0.0.6' },
silly testEngine   devDependencies: 
silly testEngine    { 'connect-form': '0.2.1',
silly testEngine      ejs: '0.4.2',
silly testEngine      expresso: '0.7.2',
silly testEngine      hamljs: '0.5.1',
silly testEngine      jade: '0.11.0',
silly testEngine      stylus: '0.13.0',
silly testEngine      should: '0.2.1',
silly testEngine      'express-messages': '0.0.2',
silly testEngine      'node-markdown': '>= 0.0.1',
silly testEngine      'connect-redis': '>= 0.0.1' },
silly testEngine   keywords: [ 'framework', 'sinatra', 'web', 'rest', 'restful' ],
silly testEngine   repository: 
silly testEngine    { type: 'git',
silly testEngine      url: 'git://github.com/visionmedia/express.git' },
silly testEngine   main: 'index',
silly testEngine   bin: { express: './bin/express' },
silly testEngine   engines: { node: '>= 0.4.1 < 0.5.0' },
silly testEngine   _id: 'express@2.3.10',
silly testEngine   _engineSupported: true,
silly testEngine   _npmVersion: '1.0.6',
silly testEngine   _nodeVersion: 'v0.4.8',
silly testEngine   _defaultsLoaded: true }
verbose caching /apps/localdev/node/batch-people-finder/node_modules/express/package.json
verbose loadDefaults express@2.3.10
silly testEngine { name: 'sax',
silly testEngine   author: { name: 'Isaac Z. Schlueter', email: 'i@izs.me' },
silly testEngine   version: '0.1.2',
silly testEngine   main: 'lib/sax',
silly testEngine   license: 'MIT',
silly testEngine   scripts: { test: 'node test/index.js' },
silly testEngine   dependencies: {},
silly testEngine   devDependencies: {},
silly testEngine   _id: 'sax@0.1.2',
silly testEngine   engines: { node: '*' },
silly testEngine   _engineSupported: true,
silly testEngine   _npmVersion: '1.0.6',
silly testEngine   _nodeVersion: 'v0.4.8',
silly testEngine   _defaultsLoaded: true }
verbose caching /apps/localdev/node/batch-people-finder/node_modules/sax/package.json
verbose loadDefaults sax@0.1.2
verbose from cache /apps/localdev/node/batch-people-finder/package.json
verbose into /apps/localdev/node/batch-people-finder [ 'nodetest' ]
verbose cache add [ 'nodetest', null ]
info addNamed [ 'nodetest', '' ]
verbose addNamed [ null, '' ]
verbose GET nodetest
verbose raw, before any munging nodetest
verbose url resolving [ 'http://registry.npmjs.org/', './nodetest' ]
verbose url resolved http://registry.npmjs.org/nodetest
verbose url parsed { protocol: 'http:',
verbose url parsed   slashes: true,
verbose url parsed   host: 'registry.npmjs.org',
verbose url parsed   hostname: 'registry.npmjs.org',
verbose url parsed   href: 'http://registry.npmjs.org/nodetest',
verbose url parsed   pathname: '/nodetest' }
verbose response http://registry.npmjs.org/nodetest
silly chunk {"error":"not_found","reason":"document not found"}
silly chunk 
silly get cb [ 404,
silly get cb   { server: 'CouchDB/1.0.2 (Erlang OTP/R14B)',
silly get cb     date: 'Sat, 04 Jun 2011 18:08:32 GMT',
silly get cb     'content-type': 'application/json',
silly get cb     'content-length': '52',
silly get cb     'cache-control': 'must-revalidate' } ]
ERR! 404 'nodetest' is not in the npm registry.
ERR! 404 You should bug the author to publish it.
ERR! 404 Note that you can also install from a tarball or folder.
ERR! 
ERR! System Linux 2.6.32-32-generic
ERR! command "node" "/usr/local/bin/npm" "install" "nodetest"
verbose exit [ 1, true ]
